<?xml version="1.0" encoding="UTF-8"?>
<testng-results ignored="0" total="1" passed="1" failed="0" skipped="0">
  <reporter-output>
    <line>
      <![CDATA[Start the Execution]]>
    </line>
    <line>
      <![CDATA[CreateOrganizationsTestTestscript Exuction is started]]>
    </line>
  </reporter-output>
  <suite started-at="2024-03-20T16:32:09 IST" name="Default suite" finished-at="2024-03-20T16:32:41 IST" duration-ms="31521">
    <groups>
    </groups>
    <test started-at="2024-03-20T16:32:09 IST" name="Default test" finished-at="2024-03-20T16:32:41 IST" duration-ms="31521">
      <class name="Basic_Jenkins.OrganizationsTest">
        <test-method signature="CreateOrganizationsTest()[pri:0, instance:Basic_Jenkins.OrganizationsTest@16a0ee18]" started-at="2024-03-20T16:32:10 IST" name="CreateOrganizationsTest" finished-at="2024-03-20T16:32:41 IST" duration-ms="30970" status="PASS">
          <reporter-output>
            <line>
              <![CDATA[CreateOrganizationsTestTestscript Exuction is started]]>
            </line>
          </reporter-output>
        </test-method> <!-- CreateOrganizationsTest -->
      </class> <!-- Basic_Jenkins.OrganizationsTest -->
    </test> <!-- Default test -->
  </suite> <!-- Default suite -->
</testng-results>
