<?xml version="1.0" encoding="UTF-8"?>
<testng-results ignored="0" total="1" passed="1" failed="0" skipped="0">
  <reporter-output>
  </reporter-output>
  <suite started-at="2024-03-15T13:42:45 IST" name="Default suite" finished-at="2024-03-15T13:42:52 IST" duration-ms="6873">
    <groups>
    </groups>
    <test started-at="2024-03-15T13:42:45 IST" name="Default test" finished-at="2024-03-15T13:42:52 IST" duration-ms="6873">
      <class name="Basic_Jenkins.OrganizationsTest">
        <test-method signature="CreateOrganizationsTest()[pri:0, instance:Basic_Jenkins.OrganizationsTest@fa49800]" started-at="2024-03-15T13:42:45 IST" name="CreateOrganizationsTest" finished-at="2024-03-15T13:42:52 IST" duration-ms="6776" status="PASS">
          <reporter-output>
          </reporter-output>
        </test-method> <!-- CreateOrganizationsTest -->
      </class> <!-- Basic_Jenkins.OrganizationsTest -->
    </test> <!-- Default test -->
  </suite> <!-- Default suite -->
</testng-results>
